0 info it worked if it ends with ok
1 verbose cli [ 'node', '/usr/local/bin/npm', 'publish' ]
2 info using npm@1.4.9
3 info using node@v0.10.28
4 verbose publish [ '.' ]
5 verbose cache add [ '.', null ]
6 verbose cache add name=undefined spec="." args=[".",null]
7 verbose parsed url { protocol: null,
7 verbose parsed url   slashes: null,
7 verbose parsed url   auth: null,
7 verbose parsed url   host: null,
7 verbose parsed url   port: null,
7 verbose parsed url   hostname: null,
7 verbose parsed url   hash: null,
7 verbose parsed url   search: null,
7 verbose parsed url   query: null,
7 verbose parsed url   pathname: '.',
7 verbose parsed url   path: '.',
7 verbose parsed url   href: '.' }
8 silly lockFile 3a52ce78- .
9 verbose lock . /Users/AparnaLingam/.npm/3a52ce78-.lock
10 verbose tar pack [ '/var/folders/jj/80xgfrln2wn1tzd5j37h_c8h0000gp/T/npm-14032-_SZT4mHl/1401756534289-0.16132102254778147/tmp.tgz',
10 verbose tar pack   '.' ]
11 verbose tarball /var/folders/jj/80xgfrln2wn1tzd5j37h_c8h0000gp/T/npm-14032-_SZT4mHl/1401756534289-0.16132102254778147/tmp.tgz
12 verbose folder .
13 info prepublish generator-express-react@0.0.0
14 silly lockFile 1f1177db-tar tar://.
15 verbose lock tar://. /Users/AparnaLingam/.npm/1f1177db-tar.lock
16 silly lockFile c941a833-4289-0-16132102254778147-tmp-tgz tar:///var/folders/jj/80xgfrln2wn1tzd5j37h_c8h0000gp/T/npm-14032-_SZT4mHl/1401756534289-0.16132102254778147/tmp.tgz
17 verbose lock tar:///var/folders/jj/80xgfrln2wn1tzd5j37h_c8h0000gp/T/npm-14032-_SZT4mHl/1401756534289-0.16132102254778147/tmp.tgz /Users/AparnaLingam/.npm/c941a833-4289-0-16132102254778147-tmp-tgz.lock
18 silly lockFile 1f1177db-tar tar://.
19 silly lockFile 1f1177db-tar tar://.
20 silly lockFile c941a833-4289-0-16132102254778147-tmp-tgz tar:///var/folders/jj/80xgfrln2wn1tzd5j37h_c8h0000gp/T/npm-14032-_SZT4mHl/1401756534289-0.16132102254778147/tmp.tgz
21 silly lockFile c941a833-4289-0-16132102254778147-tmp-tgz tar:///var/folders/jj/80xgfrln2wn1tzd5j37h_c8h0000gp/T/npm-14032-_SZT4mHl/1401756534289-0.16132102254778147/tmp.tgz
22 verbose tar unpack /var/folders/jj/80xgfrln2wn1tzd5j37h_c8h0000gp/T/npm-14032-_SZT4mHl/1401756534289-0.16132102254778147/tmp.tgz
23 silly lockFile 9b7a2d66-ator-express-react-0-0-0-package tar:///Users/AparnaLingam/.npm/generator-express-react/0.0.0/package
24 verbose lock tar:///Users/AparnaLingam/.npm/generator-express-react/0.0.0/package /Users/AparnaLingam/.npm/9b7a2d66-ator-express-react-0-0-0-package.lock
25 silly lockFile c941a833-4289-0-16132102254778147-tmp-tgz tar:///var/folders/jj/80xgfrln2wn1tzd5j37h_c8h0000gp/T/npm-14032-_SZT4mHl/1401756534289-0.16132102254778147/tmp.tgz
26 verbose lock tar:///var/folders/jj/80xgfrln2wn1tzd5j37h_c8h0000gp/T/npm-14032-_SZT4mHl/1401756534289-0.16132102254778147/tmp.tgz /Users/AparnaLingam/.npm/c941a833-4289-0-16132102254778147-tmp-tgz.lock
27 silly gunzTarPerm modes [ '755', '644' ]
28 silly gunzTarPerm extractEntry package.json
29 silly gunzTarPerm extractEntry README.md
30 silly gunzTarPerm extractEntry app/index.js
31 silly gunzTarPerm extractEntry app/templates/gridComponent.js
32 silly gunzTarPerm extractEntry app/templates/main.js
33 silly gunzTarPerm extractEntry app/templates/common/.bower.json
34 silly gunzTarPerm extractEntry app/templates/common/.bowerrc
35 silly gunzTarPerm extractEntry app/templates/common/.editorconfig
36 silly gunzTarPerm extractEntry app/templates/common/.jshintrc
37 silly gunzTarPerm extractEntry app/templates/common/.package.json
38 silly gunzTarPerm extractEntry app/templates/common/gitignore
39 silly gunzTarPerm extractEntry app/templates/express3/basic/app.js
40 silly gunzTarPerm extractEntry app/templates/express3/basic/config.js
41 silly gunzTarPerm extractEntry app/templates/express3/basic/routes/index.js
42 silly gunzTarPerm extractEntry app/templates/express3/basic/views/grid.html
43 silly gunzTarPerm extractEntry app/templates/express3/mvc/app.js
44 silly gunzTarPerm extractEntry app/templates/express3/mvc/config.js
45 silly gunzTarPerm extractEntry app/templates/express3/mvc/controllers/index.js
46 silly gunzTarPerm extractEntry app/templates/express3/mvc/models/user.js
47 silly gunzTarPerm extractEntry app/templates/express3/mvc/routes/index.js
48 silly gunzTarPerm extractEntry app/templates/express4/basic/app.js
49 silly gunzTarPerm extractEntry app/templates/express4/basic/config.js
50 silly gunzTarPerm extractEntry app/templates/express4/basic/routes/index.js
51 silly gunzTarPerm extractEntry app/templates/express4/basic/views/grid.html
52 silly gunzTarPerm extractEntry app/templates/express4/mvc/app.js
53 silly gunzTarPerm extractEntry app/templates/express4/mvc/config.js
54 silly gunzTarPerm extractEntry app/templates/express4/mvc/controllers/index.js
55 silly gunzTarPerm extractEntry app/templates/express4/mvc/models/user.js
56 silly gunzTarPerm extractEntry app/templates/express4/mvc/routes/index.js
57 silly gunzTarPerm extractEntry app/templates/gruntfiles/Gruntfile.js
58 silly gunzTarPerm extractEntry app/templates/styles.css
59 silly lockFile 9b7a2d66-ator-express-react-0-0-0-package tar:///Users/AparnaLingam/.npm/generator-express-react/0.0.0/package
60 silly lockFile 9b7a2d66-ator-express-react-0-0-0-package tar:///Users/AparnaLingam/.npm/generator-express-react/0.0.0/package
61 silly lockFile c941a833-4289-0-16132102254778147-tmp-tgz tar:///var/folders/jj/80xgfrln2wn1tzd5j37h_c8h0000gp/T/npm-14032-_SZT4mHl/1401756534289-0.16132102254778147/tmp.tgz
62 silly lockFile c941a833-4289-0-16132102254778147-tmp-tgz tar:///var/folders/jj/80xgfrln2wn1tzd5j37h_c8h0000gp/T/npm-14032-_SZT4mHl/1401756534289-0.16132102254778147/tmp.tgz
63 silly lockFile 3a52ce78- .
64 silly lockFile 3a52ce78- .
65 silly publish { name: 'generator-express-react',
65 silly publish   version: '0.0.0',
65 silly publish   description: 'Yeoman generator',
65 silly publish   license: 'MIT',
65 silly publish   main: 'app/index.js',
65 silly publish   repository:
65 silly publish    { type: 'git',
65 silly publish      url: 'git://github.com/alingam/generator-express-react' },
65 silly publish   author:
65 silly publish    { name: 'Aparna',
65 silly publish      email: 'aparna.lingam86@gmail.com',
65 silly publish      url: 'https://github.com/alingam' },
65 silly publish   engines: { node: '>=0.10.0' },
65 silly publish   scripts: { test: 'mocha' },
65 silly publish   files: [ 'app' ],
65 silly publish   keywords: [ 'yeoman-generator' ],
65 silly publish   dependencies:
65 silly publish    { 'yeoman-generator': '~0.16.0',
65 silly publish      chalk: '~0.4.0',
65 silly publish      yosay: '^0.1.0' },
65 silly publish   devDependencies: { mocha: '*' },
65 silly publish   peerDependencies: { yo: '>=1.0.0' },
65 silly publish   readme: '# generator-express-react [![Build Status](https://secure.travis-ci.org/alingam/generator-express-react.png?branch=master)](https://travis-ci.org/alingam/generator-express-react)\n\n> [Yeoman](http://yeoman.io) generator\n\n\n## Getting Started\n\n### What is Yeoman?\n\nTrick question. It\'s not a thing. It\'s this guy:\n\n![](http://i.imgur.com/JHaAlBJ.png)\n\nBasically, he wears a top hat, lives in your computer, and waits for you to tell him what kind of application you wish to create.\n\nNot every new computer comes with a Yeoman pre-installed. He lives in the [npm](https://npmjs.org) package repository. You only have to ask for him once, then he packs up and moves into your hard drive. *Make sure you clean up, he likes new and shiny things.*\n\n```bash\n$ npm install -g yo\n```\n\n### Yeoman Generators\n\nYeoman travels light. He didn\'t pack any generators when he moved in. You can think of a generator like a plug-in. You get to choose what type of application you wish to create, such as a Backbone application or even a Chrome extension.\n\nTo install generator-express-react from npm, run:\n\n```bash\n$ npm install -g generator-express-react\n```\n\nFinally, initiate the generator:\n\n```bash\n$ yo express-react\n```\n\n### Getting To Know Yeoman\n\nYeoman has a heart of gold. He\'s a person with feelings and opinions, but he\'s very easy to work with. If you think he\'s too opinionated, he can be easily convinced.\n\nIf you\'d like to get to know Yeoman better and meet some of his friends, [Grunt](http://gruntjs.com) and [Bower](http://bower.io), check out the complete [Getting Started Guide](https://github.com/yeoman/yeoman/wiki/Getting-Started).\n\n\n## License\n\nMIT\n',
65 silly publish   readmeFilename: 'README.md',
65 silly publish   bugs: { url: 'https://github.com/alingam/generator-express-react/issues' },
65 silly publish   homepage: 'https://github.com/alingam/generator-express-react',
65 silly publish   _id: 'generator-express-react@0.0.0',
65 silly publish   _shasum: '1ae3ec182379c7b58d1f070e8b57fe75a107e9aa',
65 silly publish   _from: '.' }
66 verbose url raw generator-express-react
67 verbose url resolving [ 'https://registry.npmjs.org/', './generator-express-react' ]
68 verbose url resolved https://registry.npmjs.org/generator-express-react
69 info trying registry request attempt 1 at 17:48:54
70 http PUT https://registry.npmjs.org/generator-express-react
71 http 403 https://registry.npmjs.org/generator-express-react
72 verbose headers { date: 'Tue, 03 Jun 2014 00:48:56 GMT',
72 verbose headers   server: 'CouchDB/1.5.0 (Erlang OTP/R14B04)',
72 verbose headers   'content-type': 'application/json',
72 verbose headers   'cache-control': 'max-age=1',
72 verbose headers   'content-length': '4601',
72 verbose headers   'accept-ranges': 'bytes',
72 verbose headers   via: '1.1 varnish',
72 verbose headers   'x-served-by': 'cache-sv61-SJC3',
72 verbose headers   'x-cache': 'MISS',
72 verbose headers   'x-cache-hits': '0',
72 verbose headers   'x-timer': 'S1401756536.293822,VS0,VE115',
72 verbose headers   'keep-alive': 'timeout=10, max=50',
72 verbose headers   connection: 'Keep-Alive' }
73 error publish Failed PUT 403
74 error Error: forbidden cannot modify pre-existing version: 0.0.0
74 error old={"name":"generator-express-react","version":"0.0.0","description":"Yeoman generator","license":"MIT","main":"app/index.js","repository":{"type":"git","url":"git://github.com/alingam/generator-express-react"},"author":{"name":"Aparna","email":"aparna.lingam86@gmail.com","url":"https://github.com/alingam"},"engines":{"node":">=0.10.0"},"scripts":{"test":"mocha"},"files":["app"],"keywords":["yeoman-generator"],"dependencies":{"yeoman-generator":"~0.16.0","chalk":"~0.4.0","yosay":"^0.1.0"},"devDependencies":{"mocha":"*"},"peerDependencies":{"yo":">=1.0.0"},"bugs":{"url":"https://github.com/alingam/generator-express-react/issues"},"homepage":"https://github.com/alingam/generator-express-react","_id":"generator-express-react@0.0.0","_shasum":"22d3e3ba4700c5b97d8a04424470d13b4d9f29aa","_from":".","_npmVersion":"1.4.9","_npmUser":{"name":"alingam","email":"aparna.lingam86@gmail.com"},"maintainers":[{"name":"alingam","email":"aparna.lingam86@gmail.com"}],"dist":{"shasum":"22d3e3ba4700c5b97d8a04424470d13b4d9f29aa","tarball":"http://registry.npmjs.org/generator-express-react/-/generator-express-react-0.0.0.tgz"}}
74 error new={"name":"generator-express-react","version":"0.0.0","description":"Yeoman generator","license":"MIT","main":"app/index.js","repository":{"type":"git","url":"git://github.com/alingam/generator-express-react"},"author":{"name":"Aparna","email":"aparna.lingam86@gmail.com","url":"https://github.com/alingam"},"engines":{"node":">=0.10.0"},"scripts":{"test":"mocha"},"files":["app"],"keywords":["yeoman-generator"],"dependencies":{"yeoman-generator":"~0.16.0","chalk":"~0.4.0","yosay":"^0.1.0"},"devDependencies":{"mocha":"*"},"peerDependencies":{"yo":">=1.0.0"},"readme":"# generator-express-react [![Build Status](https://secure.travis-ci.org/alingam/generator-express-react.png?branch=master)](https://travis-ci.org/alingam/generator-express-react)\u000a\u000a> [Yeoman](http://yeoman.io) generator\u000a\u000a\u000a## Getting Started\u000a\u000a### What is Yeoman?\u000a\u000aTrick question. It's not a thing. It's this guy:\u000a\u000a![](http://i.imgur.com/JHaAlBJ.png)\u000a\u000aBasically, he wears a top hat, lives in your computer, and waits for you to tell him what kind of application you wish to create.\u000a\u000aNot every new computer comes with a Yeoman pre-installed. He lives in the [npm](https://npmjs.org) package repository. You only have to ask for him once, then he packs up and moves into your hard drive. *Make sure you clean up, he likes new and shiny things.*\u000a\u000a```bash\u000a$ npm install -g yo\u000a```\u000a\u000a### Yeoman Generators\u000a\u000aYeoman travels light. He didn't pack any generators when he moved in. You can think of a generator like a plug-in. You get to choose what type of application you wish to create, such as a Backbone application or even a Chrome extension.\u000a\u000aTo install generator-express-react from npm, run:\u000a\u000a```bash\u000a$ npm install -g generator-express-react\u000a```\u000a\u000aFinally, initiate the generator:\u000a\u000a```bash\u000a$ yo express-react\u000a```\u000a\u000a### Getting To Know Yeoman\u000a\u000aYeoman has a heart of gold. He's a person with feelings and opinions, but he's very easy to work with. If you think he's too opinionated, he can be easily convinced.\u000a\u000aIf you'd like to get to know Yeoman better and meet some of his friends, [Grunt](http://gruntjs.com) and [Bower](http://bower.io), check out the complete [Getting Started Guide](https://github.com/yeoman/yeoman/wiki/Getting-Started).\u000a\u000a\u000a## License\u000a\u000aMIT\u000a","readmeFilename":"README.md","bugs":{"url":"https://github.com/alingam/generator-express-react/issues"},"homepage":"https://github.com/alingam/generator-express-react","_id":"generator-express-react@0.0.0","_shasum":"1ae3ec182379c7b58d1f070e8b57fe75a107e9aa","_from":".","_npmVersion":"1.4.9","_npmUser":{"name":"alingam","email":"aparna.lingam86@gmail.com"},"maintainers":[{"name":"alingam","email":"aparna.lingam86@gmail.com"}],"dist":{"shasum":"1ae3ec182379c7b58d1f070e8b57fe75a107e9aa","tarball":"http://registry.npmjs.org/generator-express-react/-/generator-express-react-0.0.0.tgz"}}: generator-express-react
74 error     at RegClient.<anonymous> (/usr/local/lib/node_modules/npm/node_modules/npm-registry-client/lib/request.js:273:14)
74 error     at Request._callback (/usr/local/lib/node_modules/npm/node_modules/npm-registry-client/lib/request.js:211:65)
74 error     at Request.self.callback (/usr/local/lib/node_modules/npm/node_modules/request/request.js:123:22)
74 error     at Request.EventEmitter.emit (events.js:98:17)
74 error     at Request.<anonymous> (/usr/local/lib/node_modules/npm/node_modules/request/request.js:893:14)
74 error     at Request.EventEmitter.emit (events.js:117:20)
74 error     at IncomingMessage.<anonymous> (/usr/local/lib/node_modules/npm/node_modules/request/request.js:844:12)
74 error     at IncomingMessage.EventEmitter.emit (events.js:117:20)
74 error     at _stream_readable.js:919:16
74 error     at process._tickCallback (node.js:419:13)
75 error If you need help, you may report this *entire* log,
75 error including the npm and node versions, at:
75 error     <http://github.com/npm/npm/issues>
76 error System Darwin 13.1.0
77 error command "node" "/usr/local/bin/npm" "publish"
78 error cwd /Users/AparnaLingam/Documents/Generator/generator-express-react
79 error node -v v0.10.28
80 error npm -v 1.4.9
81 verbose exit [ 1, true ]
